2026-02-06 17:54:56.193 INFO  c.k.k.c.l.logback.LogbackConfigurator    - Logback default configuration initialized from: C:\Users\PJain15\.katalon\packages\KSE-10.4.3\configuration\org.eclipse.osgi\133\0\.cp\resources\logback\logback-execution.xml
2026-02-06 17:54:56.196 INFO  c.k.k.c.l.logback.LogbackConfigurator    - Logback custom configuration initialized from: C:\Users\PJain15\git\salesforce-katalon-sample\Include\config\log.properties
2026-02-06 17:54:57.156 INFO  c.k.katalon.core.main.TestSuiteExecutor  - START Test Suites/TS_NewContact_1
2026-02-06 17:54:57.308 INFO  c.k.katalon.core.main.TestSuiteExecutor  - userFullName = piyush jain
2026-02-06 17:54:57.310 INFO  c.k.katalon.core.main.TestSuiteExecutor  - projectName = salesforce-katalon-sample
2026-02-06 17:54:57.310 INFO  c.k.katalon.core.main.TestSuiteExecutor  - hostName = PJain15 - SLB-G8JJX14.DIR.slb.com
2026-02-06 17:54:57.312 INFO  c.k.katalon.core.main.TestSuiteExecutor  - os = Windows 11 64bit
2026-02-06 17:54:57.313 INFO  c.k.katalon.core.main.TestSuiteExecutor  - hostAddress = 192.168.1.7
2026-02-06 17:54:57.314 INFO  c.k.katalon.core.main.TestSuiteExecutor  - katalonVersion = 10.4.3.0
2026-02-06 17:54:57.873 INFO  c.k.katalon.core.main.TestCaseExecutor   - --------------------
2026-02-06 17:54:57.874 INFO  c.k.katalon.core.main.TestCaseExecutor   - START Test Cases/TC_Salesforce New/MainTest/New Folder/Create Contact_1
2026-02-06 17:54:58.274 INFO  c.k.k.core.webui.driver.DriverFactory    - Starting 'Chrome' driver
2026-02-06 17:54:58.280 INFO  c.k.k.c.w.util.WebDriverPropertyUtil     - User set preference: ['args', '[--disable-notifications]']
2026-02-06 17:54:58.325 INFO  c.k.k.core.webui.driver.DriverFactory    - Action delay is set to 0 milliseconds
Feb 06, 2026 5:55:00 PM org.openqa.selenium.devtools.CdpVersionFinder findNearestMatch
WARNING: Unable to find an exact match for CDP version 144, returning the closest version; found: 142; Please update to a Selenium version that supports CDP version 144
2026-02-06 17:55:00.778 INFO  c.k.k.core.webui.driver.DriverFactory    - sessionId = 9e7c049c42032afe923dc6f1217aeb53
2026-02-06 17:55:00.779 INFO  c.k.k.core.webui.driver.DriverFactory    - browser = Chrome 144.0.7559.133
2026-02-06 17:55:00.780 INFO  c.k.k.core.webui.driver.DriverFactory    - platform = Windows 11
2026-02-06 17:55:00.780 INFO  c.k.k.core.webui.driver.DriverFactory    - seleniumVersion = 4.34.0
2026-02-06 17:55:00.790 INFO  c.k.k.core.webui.driver.DriverFactory    - proxyInformation = ProxyInformation { proxyOption=NO_PROXY, proxyServerType=HTTP, username=, password=********, proxyServerAddress=, proxyServerPort=0, executionList="", isApplyToDesiredCapabilities=true }
2026-02-06 17:55:03.234 DEBUG testcase.Create Contact_1                - 1: callTestCase(findTestCase("TC_Salesforce New/RecallTest/SetupTeardown/Login into Salesforce_1"), [:], STOP_ON_FAILURE)
2026-02-06 17:55:03.355 INFO  c.k.katalon.core.main.TestCaseExecutor   - --------------------
2026-02-06 17:55:03.355 INFO  c.k.katalon.core.main.TestCaseExecutor   - CALL Test Cases/TC_Salesforce New/RecallTest/SetupTeardown/Login into Salesforce_1
2026-02-06 17:55:03.490 DEBUG testcase.Login into Salesforce_1         - 1: setText(findTestObject("Object Repository/New Folder (1)/Page_Login  Salesforce/input_Username"), USERNAME)
2026-02-06 17:55:04.942 DEBUG testcase.Login into Salesforce_1         - 2: click(findTestObject("Object Repository/New Folder (1)/Page_Login  Salesforce/input_Password"))
2026-02-06 17:55:05.296 DEBUG testcase.Login into Salesforce_1         - 3: setEncryptedText(findTestObject("Object Repository/New Folder (1)/Page_Login  Salesforce/input_Password"), PASSWORD)
2026-02-06 17:55:05.630 DEBUG testcase.Login into Salesforce_1         - 4: click(findTestObject("Object Repository/New Folder (1)/Page_Login  Salesforce/input_Login"))
2026-02-06 17:55:07.736 DEBUG testcase.Login into Salesforce_1         - 5: maximizeWindow()
2026-02-06 17:55:07.926 DEBUG testcase.Login into Salesforce_1         - 6: waitForElementClickable(findTestObject("New Folder (1)/Page_Home  Salesforce/link_Home"), 30)
2026-02-06 17:55:27.329 DEBUG testcase.Login into Salesforce_1         - 7: waitForElementVisible(findTestObject("Object Repository/New Folder (1)/Page_Home  Salesforce/span_Home"), 10)
2026-02-06 17:55:28.228 DEBUG testcase.Login into Salesforce_1         - 8: verifyElementText(findTestObject("Object Repository/New Folder (1)/Page_Home  Salesforce/span_Home"), "Home")
2026-02-06 17:55:28.235 WARN  testcase.Login into Salesforce_1         - SKIPPED NOT_RUN: verifyElementText(findTestObject("Object Repository/New Folder (1)/Page_Home  Salesforce/span_Home"), "Home")
2026-02-06 17:55:28.237 DEBUG testcase.Login into Salesforce_1         - 9: verifyElementText(findTestObject("Object Repository/New Folder (1)/Page_Home  Salesforce/h2_Welcome, PIYUSH"), "Welcome, PIYUSH")
2026-02-06 17:55:28.718 INFO  c.k.katalon.core.main.TestCaseExecutor   - END CALL Test Cases/TC_Salesforce New/RecallTest/SetupTeardown/Login into Salesforce_1
2026-02-06 17:55:28.719 INFO  c.k.katalon.core.main.TestCaseExecutor   - --------------------
2026-02-06 17:55:28.751 DEBUG testcase.Create Contact_1                - 2: callTestCase(findTestCase("TC_Salesforce New/RecallTest/Contact1/Create a Contact for existing AC_1"), ["accountName":""], STOP_ON_FAILURE)
2026-02-06 17:55:28.847 INFO  c.k.katalon.core.main.TestCaseExecutor   - --------------------
2026-02-06 17:55:28.847 INFO  c.k.katalon.core.main.TestCaseExecutor   - CALL Test Cases/TC_Salesforce New/RecallTest/Contact1/Create a Contact for existing AC_1
2026-02-06 17:55:28.898 INFO  c.k.katalon.core.main.TestCaseExecutor   - accountName = 
2026-02-06 17:55:29.031 DEBUG t.Create a Contact for existing AC_1     - 1: enhancedClick(findTestObject("Object Repository/New Folder (1)/Page_Home  Salesforce/img_img"))
2026-02-06 17:55:29.772 DEBUG t.Create a Contact for existing AC_1     - 2: verifyElementPresent(findTestObject("New Folder (1)/Page_Recently Viewed  Accounts  Salesforce/title_Recently Viewed"), 10)
2026-02-06 17:55:32.051 DEBUG t.Create a Contact for existing AC_1     - 3: myObject = findTestObject("Object Repository/New Folder (1)/Page_Recently Viewed  Accounts  Salesforce/a_AccountName", ["account_Name":accountName])
2026-02-06 17:55:32.098 DEBUG t.Create a Contact for existing AC_1     - 4: xpathValue = getSelectorCollection().get(XPATH)
2026-02-06 17:55:32.109 DEBUG t.Create a Contact for existing AC_1     - 5: println("The XPath is: " + xpathValue)
The XPath is: //a[@title='']
2026-02-06 17:55:32.117 INFO  c.k.katalon.core.main.TestCaseExecutor   - END CALL Test Cases/TC_Salesforce New/RecallTest/Contact1/Create a Contact for existing AC_1
2026-02-06 17:55:32.118 INFO  c.k.katalon.core.main.TestCaseExecutor   - --------------------
2026-02-06 17:55:32.121 DEBUG testcase.Create Contact_1                - 3: callTestCase(findTestCase("TC_Salesforce New/RecallTest/SetupTeardown/Close application"), [:], STOP_ON_FAILURE)
2026-02-06 17:55:32.203 INFO  c.k.katalon.core.main.TestCaseExecutor   - --------------------
2026-02-06 17:55:32.205 INFO  c.k.katalon.core.main.TestCaseExecutor   - CALL Test Cases/TC_Salesforce New/RecallTest/SetupTeardown/Close application
2026-02-06 17:55:32.331 DEBUG testcase.Close application               - 1: click(findTestObject("Object Repository/New Folder (1)/Page_test three  Account  Salesforce/span_uiImage"))
2026-02-06 17:55:32.863 DEBUG testcase.Close application               - 2: click(findTestObject("Object Repository/New Folder (1)/Page_test three  Account  Salesforce/a_Log Out"))
2026-02-06 17:55:34.095 INFO  c.k.katalon.core.main.TestCaseExecutor   - END CALL Test Cases/TC_Salesforce New/RecallTest/SetupTeardown/Close application
2026-02-06 17:55:34.096 INFO  c.k.katalon.core.main.TestCaseExecutor   - --------------------
2026-02-06 17:55:34.107 INFO  c.k.katalon.core.main.TestCaseExecutor   - END Test Cases/TC_Salesforce New/MainTest/New Folder/Create Contact_1
2026-02-06 17:55:34.112 INFO  c.k.katalon.core.main.TestSuiteExecutor  - --------------------
2026-02-06 17:55:34.112 INFO  c.k.katalon.core.main.TestSuiteExecutor  - END Test Suites/TS_NewContact_1
2026-02-06 17:55:34.112 INFO  c.k.katalon.core.main.TestSuiteExecutor  - ====================
