2026-02-07 10:04:57.493 INFO  c.k.k.c.l.logback.LogbackConfigurator    - Logback default configuration initialized from: C:\Users\PJain15\.katalon\packages\KSE-10.4.3\configuration\org.eclipse.osgi\133\0\.cp\resources\logback\logback-execution.xml
2026-02-07 10:04:57.497 INFO  c.k.k.c.l.logback.LogbackConfigurator    - Logback custom configuration initialized from: C:\Users\PJain15\git\salesforce-katalon-sample\Include\config\log.properties
2026-02-07 10:04:58.811 INFO  c.k.katalon.core.main.TestSuiteExecutor  - START Test Suites/TS_Contact
2026-02-07 10:04:58.965 INFO  c.k.katalon.core.main.TestSuiteExecutor  - userFullName = piyush jain
2026-02-07 10:04:58.966 INFO  c.k.katalon.core.main.TestSuiteExecutor  - projectName = salesforce-katalon-sample
2026-02-07 10:04:58.967 INFO  c.k.katalon.core.main.TestSuiteExecutor  - hostName = PJain15 - SLB-G8JJX14.DIR.slb.com
2026-02-07 10:04:58.968 INFO  c.k.katalon.core.main.TestSuiteExecutor  - os = Windows 11 64bit
2026-02-07 10:04:58.969 INFO  c.k.katalon.core.main.TestSuiteExecutor  - hostAddress = 192.168.1.7
2026-02-07 10:04:58.969 INFO  c.k.katalon.core.main.TestSuiteExecutor  - katalonVersion = 10.4.3.0
2026-02-07 10:04:59.533 INFO  c.k.katalon.core.main.TestCaseExecutor   - --------------------
2026-02-07 10:04:59.533 INFO  c.k.katalon.core.main.TestCaseExecutor   - START Test Cases/TC_Salesforce New/MainTest/New Folder/Create Contact_1
2026-02-07 10:04:59.579 INFO  c.k.katalon.core.main.TestCaseExecutor   - mainACName = User_1770355022101
2026-02-07 10:05:00.092 INFO  c.k.k.core.webui.driver.DriverFactory    - Starting 'Chrome' driver
2026-02-07 10:05:00.100 INFO  c.k.k.c.w.util.WebDriverPropertyUtil     - User set preference: ['args', '[--disable-notifications]']
2026-02-07 10:05:00.159 INFO  c.k.k.core.webui.driver.DriverFactory    - Action delay is set to 0 milliseconds
Feb 07, 2026 10:05:01 AM org.openqa.selenium.devtools.CdpVersionFinder findNearestMatch
WARNING: Unable to find an exact match for CDP version 144, returning the closest version; found: 142; Please update to a Selenium version that supports CDP version 144
2026-02-07 10:05:02.663 INFO  c.k.k.core.webui.driver.DriverFactory    - sessionId = 82e4d0a37d9f8cb7f12b0f68d7ab8670
2026-02-07 10:05:02.664 INFO  c.k.k.core.webui.driver.DriverFactory    - browser = Chrome 144.0.7559.133
2026-02-07 10:05:02.667 INFO  c.k.k.core.webui.driver.DriverFactory    - platform = Windows 11
2026-02-07 10:05:02.668 INFO  c.k.k.core.webui.driver.DriverFactory    - seleniumVersion = 4.34.0
2026-02-07 10:05:02.689 INFO  c.k.k.core.webui.driver.DriverFactory    - proxyInformation = ProxyInformation { proxyOption=NO_PROXY, proxyServerType=HTTP, username=, password=********, proxyServerAddress=, proxyServerPort=0, executionList="", isApplyToDesiredCapabilities=true }
2026-02-07 10:05:05.377 DEBUG testcase.Create Contact_1                - 1: callTestCase(findTestCase("TC_Salesforce New/RecallTest/SetupTeardown/Login into Salesforce_1"), [:], STOP_ON_FAILURE)
2026-02-07 10:05:05.493 INFO  c.k.katalon.core.main.TestCaseExecutor   - --------------------
2026-02-07 10:05:05.493 INFO  c.k.katalon.core.main.TestCaseExecutor   - CALL Test Cases/TC_Salesforce New/RecallTest/SetupTeardown/Login into Salesforce_1
2026-02-07 10:05:05.702 DEBUG testcase.Login into Salesforce_1         - 1: setText(findTestObject("Object Repository/New Folder (1)/Page_Login  Salesforce/input_Username"), USERNAME)
2026-02-07 10:05:06.684 DEBUG testcase.Login into Salesforce_1         - 2: click(findTestObject("Object Repository/New Folder (1)/Page_Login  Salesforce/input_Password"))
2026-02-07 10:05:07.067 DEBUG testcase.Login into Salesforce_1         - 3: setEncryptedText(findTestObject("Object Repository/New Folder (1)/Page_Login  Salesforce/input_Password"), PASSWORD)
2026-02-07 10:05:07.416 DEBUG testcase.Login into Salesforce_1         - 4: click(findTestObject("Object Repository/New Folder (1)/Page_Login  Salesforce/input_Login"))
2026-02-07 10:05:09.705 DEBUG testcase.Login into Salesforce_1         - 5: maximizeWindow()
2026-02-07 10:05:09.777 DEBUG testcase.Login into Salesforce_1         - 6: waitForElementClickable(findTestObject("New Folder (1)/Page_Home  Salesforce/link_Home"), 30, STOP_ON_FAILURE)
2026-02-07 10:05:34.554 DEBUG testcase.Login into Salesforce_1         - 7: webKeywords.ApplicationFunction.checkHomePage()
https://data-momentum-7717.lightning.force.com/lightning/o/Contact/list?filterName=Recent
2026-02-07 10:05:35.399 INFO  k.k.c.m.CustomKeywordDelegatingMetaClass - webKeywords.ApplicationFunction.checkHomePage is PASSED
2026-02-07 10:05:35.401 DEBUG testcase.Login into Salesforce_1         - 8: waitForElementVisible(findTestObject("Object Repository/New Folder (1)/Page_Home  Salesforce/span_Home"), 20)
2026-02-07 10:05:39.058 DEBUG testcase.Login into Salesforce_1         - 9: verifyElementText(findTestObject("Object Repository/New Folder (1)/Page_Home  Salesforce/span_Home"), "Home")
2026-02-07 10:05:39.062 WARN  testcase.Login into Salesforce_1         - SKIPPED NOT_RUN: verifyElementText(findTestObject("Object Repository/New Folder (1)/Page_Home  Salesforce/span_Home"), "Home")
2026-02-07 10:05:39.068 DEBUG testcase.Login into Salesforce_1         - 10: verifyElementText(findTestObject("Object Repository/New Folder (1)/Page_Home  Salesforce/h2_Welcome, PIYUSH"), "Welcome, PIYUSH")
2026-02-07 10:05:39.966 INFO  c.k.katalon.core.main.TestCaseExecutor   - END CALL Test Cases/TC_Salesforce New/RecallTest/SetupTeardown/Login into Salesforce_1
2026-02-07 10:05:39.969 INFO  c.k.katalon.core.main.TestCaseExecutor   - --------------------
2026-02-07 10:05:39.984 DEBUG testcase.Create Contact_1                - 2: callTestCase(findTestCase("TC_Salesforce New/RecallTest/Contact1/Create a Contact for existing AC_1"), ["accountName":mainACName], STOP_ON_FAILURE)
2026-02-07 10:05:40.079 INFO  c.k.katalon.core.main.TestCaseExecutor   - --------------------
2026-02-07 10:05:40.079 INFO  c.k.katalon.core.main.TestCaseExecutor   - CALL Test Cases/TC_Salesforce New/RecallTest/Contact1/Create a Contact for existing AC_1
2026-02-07 10:05:40.180 INFO  c.k.katalon.core.main.TestCaseExecutor   - accountName = User_1770355022101
2026-02-07 10:05:40.517 DEBUG t.Create a Contact for existing AC_1     - 1: enhancedClick(findTestObject("Object Repository/New Folder (1)/Page_Home  Salesforce/img_Accounts"))
2026-02-07 10:05:41.077 DEBUG t.Create a Contact for existing AC_1     - 2: verifyElementPresent(findTestObject("New Folder (1)/Account/Page_Recently Viewed  Accounts  Salesforce/title_Recently Viewed"), 10)
2026-02-07 10:05:43.479 DEBUG t.Create a Contact for existing AC_1     - 3: println("DEBUG: Value from internal data  is -> " + accountName)
DEBUG: Value from internal data  is -> User_1770355022101
2026-02-07 10:05:43.502 DEBUG t.Create a Contact for existing AC_1     - 4: myObject = findTestObject("Object Repository/New Folder (1)/Account/Page_Recently Viewed  Accounts  Salesforce/a_AccountName", ["account_Name":accountName])
2026-02-07 10:05:43.544 DEBUG t.Create a Contact for existing AC_1     - 5: xpathValue = getSelectorCollection().get(XPATH)
2026-02-07 10:05:43.569 DEBUG t.Create a Contact for existing AC_1     - 6: println("The XPath is: " + xpathValue)
The XPath is: //a[@title='User_1770355022101']
2026-02-07 10:05:43.576 DEBUG t.Create a Contact for existing AC_1     - 7: enhancedClick(findTestObject("New Folder (1)/Account/Page_Recently Viewed  Accounts  Salesforce/a_AccountName", ["account_Name":accountName]))
2026-02-07 10:05:44.051 DEBUG t.Create a Contact for existing AC_1     - 8: delay(15)
2026-02-07 10:05:59.094 DEBUG t.Create a Contact for existing AC_1     - 9: enhancedClick(findTestObject("New Folder (1)/Account/Page_Recently Viewed  Accounts  Salesforce/button_New Contact"))
2026-02-07 10:05:59.526 DEBUG t.Create a Contact for existing AC_1     - 10: verifyElementPresent(findTestObject("New Folder (1)/Contact/Page_New Contact  Salesforce/popup_NewContact"), 10)
2026-02-07 10:06:00.679 DEBUG t.Create a Contact for existing AC_1     - 11: click(findTestObject("New Folder (1)/Contact/Page_New Contact  Salesforce/dropdown_Salutation"))
2026-02-07 10:06:01.139 DEBUG t.Create a Contact for existing AC_1     - 12: click(findTestObject("New Folder (1)/Contact/Page_New Contact  Salesforce/a_Mr"))
2026-02-07 10:06:01.814 DEBUG t.Create a Contact for existing AC_1     - 13: lastName = currentTimeMillis().intdiv(1000000)
2026-02-07 10:06:01.862 DEBUG t.Create a Contact for existing AC_1     - 14: setText(findTestObject("New Folder (1)/Contact/Page_New Contact  Salesforce/input_First Name"), "test")
2026-02-07 10:06:02.842 DEBUG t.Create a Contact for existing AC_1     - 15: setText(findTestObject("New Folder (1)/Contact/Page_New Contact  Salesforce/input__LastName"), lastName)
2026-02-07 10:06:03.729 DEBUG t.Create a Contact for existing AC_1     - 16: setText(findTestObject("New Folder (1)/Contact/Page_New Contact  Salesforce/input_Title_26160"), "account manager")
2026-02-07 10:06:04.985 DEBUG t.Create a Contact for existing AC_1     - 17: setText(findTestObject("New Folder (1)/Contact/Page_New Contact  Salesforce/input_Email_26360"), "test" + lastName + "one@gmail.com")
2026-02-07 10:06:06.014 DEBUG t.Create a Contact for existing AC_1     - 18: setText(findTestObject("New Folder (1)/Contact/Page_New Contact  Salesforce/input_Phone_26560"), "9049923444")
2026-02-07 10:06:06.926 DEBUG t.Create a Contact for existing AC_1     - 19: click(findTestObject("New Folder (1)/Contact/Page_New Contact  Salesforce/span_Save"))
2026-02-07 10:06:07.492 INFO  c.k.katalon.core.main.TestCaseExecutor   - END CALL Test Cases/TC_Salesforce New/RecallTest/Contact1/Create a Contact for existing AC_1
2026-02-07 10:06:07.492 INFO  c.k.katalon.core.main.TestCaseExecutor   - --------------------
2026-02-07 10:06:07.496 DEBUG testcase.Create Contact_1                - 3: println("DEBUG: Value from internal data  is -> " + mainACName)
DEBUG: Value from internal data  is -> User_1770355022101
2026-02-07 10:06:07.515 INFO  c.k.katalon.core.main.TestCaseExecutor   - END Test Cases/TC_Salesforce New/MainTest/New Folder/Create Contact_1
2026-02-07 10:06:07.521 INFO  c.k.katalon.core.main.TestSuiteExecutor  - --------------------
2026-02-07 10:06:07.521 INFO  c.k.katalon.core.main.TestSuiteExecutor  - END Test Suites/TS_Contact
2026-02-07 10:06:07.521 INFO  c.k.katalon.core.main.TestSuiteExecutor  - ====================
