2026-02-07 17:17:46.153 INFO  c.k.k.c.l.logback.LogbackConfigurator    - Logback default configuration initialized from: C:\Users\PJain15\.katalon\packages\KSE-10.4.3\configuration\org.eclipse.osgi\133\0\.cp\resources\logback\logback-execution.xml
2026-02-07 17:17:46.160 INFO  c.k.k.c.l.logback.LogbackConfigurator    - Logback custom configuration initialized from: C:\Users\PJain15\git\salesforce-katalon-sample\Include\config\log.properties
2026-02-07 17:17:47.221 INFO  c.k.katalon.core.main.TestSuiteExecutor  - START Test Suites/TS_Opportunity
2026-02-07 17:17:47.402 INFO  c.k.katalon.core.main.TestSuiteExecutor  - userFullName = piyush jain
2026-02-07 17:17:47.403 INFO  c.k.katalon.core.main.TestSuiteExecutor  - projectName = salesforce-katalon-sample
2026-02-07 17:17:47.404 INFO  c.k.katalon.core.main.TestSuiteExecutor  - hostName = PJain15 - SLB-G8JJX14.DIR.slb.com
2026-02-07 17:17:47.405 INFO  c.k.katalon.core.main.TestSuiteExecutor  - os = Windows 11 64bit
2026-02-07 17:17:47.406 INFO  c.k.katalon.core.main.TestSuiteExecutor  - hostAddress = 192.168.1.7
2026-02-07 17:17:47.407 INFO  c.k.katalon.core.main.TestSuiteExecutor  - katalonVersion = 10.4.3.0
2026-02-07 17:17:47.945 INFO  c.k.katalon.core.main.TestCaseExecutor   - --------------------
2026-02-07 17:17:47.945 INFO  c.k.katalon.core.main.TestCaseExecutor   - START Test Cases/TC_Salesforce New/MainTest/New Folder/Create Oppty_1
2026-02-07 17:17:48.579 INFO  c.k.k.core.webui.driver.DriverFactory    - Starting 'Chrome' driver
2026-02-07 17:17:48.593 INFO  c.k.k.c.w.util.WebDriverPropertyUtil     - User set preference: ['args', '[--disable-notifications]']
2026-02-07 17:17:48.647 INFO  c.k.k.core.webui.driver.DriverFactory    - Action delay is set to 0 milliseconds
Feb 07, 2026 5:17:50 PM org.openqa.selenium.devtools.CdpVersionFinder findNearestMatch
WARNING: Unable to find an exact match for CDP version 144, returning the closest version; found: 142; Please update to a Selenium version that supports CDP version 144
2026-02-07 17:17:51.756 INFO  c.k.k.core.webui.driver.DriverFactory    - sessionId = 10859d4c686f0eae187aa15e3edbe20b
2026-02-07 17:17:51.756 INFO  c.k.k.core.webui.driver.DriverFactory    - browser = Chrome 144.0.7559.133
2026-02-07 17:17:51.760 INFO  c.k.k.core.webui.driver.DriverFactory    - platform = Windows 11
2026-02-07 17:17:51.760 INFO  c.k.k.core.webui.driver.DriverFactory    - seleniumVersion = 4.34.0
2026-02-07 17:17:51.773 INFO  c.k.k.core.webui.driver.DriverFactory    - proxyInformation = ProxyInformation { proxyOption=NO_PROXY, proxyServerType=HTTP, username=, password=********, proxyServerAddress=, proxyServerPort=0, executionList="", isApplyToDesiredCapabilities=true }
2026-02-07 17:17:54.446 DEBUG testcase.Create Oppty_1                  - 1: callTestCase(findTestCase("TC_Salesforce New/RecallTest/SetupTeardown/Login into Salesforce_1"), [:], STOP_ON_FAILURE)
2026-02-07 17:17:54.565 INFO  c.k.katalon.core.main.TestCaseExecutor   - --------------------
2026-02-07 17:17:54.566 INFO  c.k.katalon.core.main.TestCaseExecutor   - CALL Test Cases/TC_Salesforce New/RecallTest/SetupTeardown/Login into Salesforce_1
2026-02-07 17:17:54.727 DEBUG testcase.Login into Salesforce_1         - 1: setText(findTestObject("Object Repository/New Folder (1)/Page_Login  Salesforce/input_Username"), USERNAME)
2026-02-07 17:17:55.721 DEBUG testcase.Login into Salesforce_1         - 2: click(findTestObject("Object Repository/New Folder (1)/Page_Login  Salesforce/input_Password"))
2026-02-07 17:17:56.115 DEBUG testcase.Login into Salesforce_1         - 3: setEncryptedText(findTestObject("Object Repository/New Folder (1)/Page_Login  Salesforce/input_Password"), PASSWORD)
2026-02-07 17:17:56.549 DEBUG testcase.Login into Salesforce_1         - 4: click(findTestObject("Object Repository/New Folder (1)/Page_Login  Salesforce/input_Login"))
2026-02-07 17:17:58.733 DEBUG testcase.Login into Salesforce_1         - 5: maximizeWindow()
2026-02-07 17:17:58.854 DEBUG testcase.Login into Salesforce_1         - 6: waitForElementClickable(findTestObject("New Folder (1)/Page_Home  Salesforce/link_Home"), 30, STOP_ON_FAILURE)
2026-02-07 17:18:12.696 DEBUG testcase.Login into Salesforce_1         - 7: webKeywords.ApplicationFunction.checkHomePage()
https://data-momentum-7717.lightning.force.com/lightning/o/Lead/list?filterName=Recent
2026-02-07 17:18:13.917 INFO  k.k.c.m.CustomKeywordDelegatingMetaClass - webKeywords.ApplicationFunction.checkHomePage is PASSED
2026-02-07 17:18:13.920 DEBUG testcase.Login into Salesforce_1         - 8: waitForElementVisible(findTestObject("Object Repository/New Folder (1)/Page_Home  Salesforce/span_Home"), 20)
2026-02-07 17:18:17.712 DEBUG testcase.Login into Salesforce_1         - 9: verifyElementText(findTestObject("Object Repository/New Folder (1)/Page_Home  Salesforce/span_Home"), "Home")
2026-02-07 17:18:17.712 WARN  testcase.Login into Salesforce_1         - SKIPPED NOT_RUN: verifyElementText(findTestObject("Object Repository/New Folder (1)/Page_Home  Salesforce/span_Home"), "Home")
2026-02-07 17:18:17.729 DEBUG testcase.Login into Salesforce_1         - 10: verifyElementText(findTestObject("Object Repository/New Folder (1)/Page_Home  Salesforce/h2_Welcome, PIYUSH"), "Welcome, PIYUSH")
2026-02-07 17:18:18.156 INFO  c.k.katalon.core.main.TestCaseExecutor   - END CALL Test Cases/TC_Salesforce New/RecallTest/SetupTeardown/Login into Salesforce_1
2026-02-07 17:18:18.157 INFO  c.k.katalon.core.main.TestCaseExecutor   - --------------------
2026-02-07 17:18:18.179 DEBUG testcase.Create Oppty_1                  - 2: callTestCase(findTestCase("TC_Salesforce New/RecallTest/Opportunity1/Create Opportunity_1"), ["contactName":"", "opportunityName":"New Business"], STOP_ON_FAILURE)
2026-02-07 17:18:18.245 INFO  c.k.katalon.core.main.TestCaseExecutor   - --------------------
2026-02-07 17:18:18.245 INFO  c.k.katalon.core.main.TestCaseExecutor   - CALL Test Cases/TC_Salesforce New/RecallTest/Opportunity1/Create Opportunity_1
2026-02-07 17:18:18.312 INFO  c.k.katalon.core.main.TestCaseExecutor   - contactName = 
2026-02-07 17:18:18.312 INFO  c.k.katalon.core.main.TestCaseExecutor   - opportunityName = New Business
2026-02-07 17:18:18.478 DEBUG testcase.Create Opportunity_1            - 1: webKeywords.ApplicationFunction.checkContactList()
https://data-momentum-7717.lightning.force.com/lightning/page/home
2026-02-07 17:18:19.587 INFO  k.k.c.m.CustomKeywordDelegatingMetaClass - webKeywords.ApplicationFunction.checkContactList is PASSED
2026-02-07 17:18:19.590 DEBUG testcase.Create Opportunity_1            - 2: contactName = getText(findTestObject("New Folder (1)/Contact/Page_Recently Viewed  Contacts  Salesforce/getContactName"))
2026-02-07 17:18:22.128 DEBUG testcase.Create Opportunity_1            - 3: click(findTestObject("New Folder (1)/Contact/Page_Recently Viewed  Contacts  Salesforce/getContactName"))
2026-02-07 17:18:22.634 DEBUG testcase.Create Opportunity_1            - 4: actualText = getText(findTestObject("New Folder (1)/Contact/Page_Contact Details Salesforce/txt_ContactName", ["contact_Name":contactName]))
2026-02-07 17:18:26.579 DEBUG testcase.Create Opportunity_1            - 5: if (actualText.contains(contactName))
2026-02-07 17:18:26.579 DEBUG testcase.Create Opportunity_1            - 1: println("Success!")
Success!
2026-02-07 17:18:26.596 DEBUG testcase.Create Opportunity_1            - 7: click(findTestObject("New Folder (1)/Contact/Page_Contact Details Salesforce/btn_NewOppty"))
2026-02-07 17:18:32.460 DEBUG testcase.Create Opportunity_1            - 8: verifyElementPresent(findTestObject("New Folder (1)/Opportunity/Page_New Opportunity Salesforce/popup_NewOpportunity"), 10)
2026-02-07 17:18:33.862 DEBUG testcase.Create Opportunity_1            - 9: clearText(findTestObject("New Folder (1)/Opportunity/Page_New Opportunity Salesforce/input_OpptyName"))
2026-02-07 17:18:34.278 DEBUG testcase.Create Opportunity_1            - 10: setText(findTestObject("New Folder (1)/Opportunity/Page_New Opportunity Salesforce/input_OpptyName"), opportunityName)
2026-02-07 17:18:35.179 DEBUG testcase.Create Opportunity_1            - 11: click(findTestObject("New Folder (1)/Opportunity/Page_New Opportunity Salesforce/dropdown_Stage"))
2026-02-07 17:18:35.640 DEBUG testcase.Create Opportunity_1            - 12: click(findTestObject("New Folder (1)/Opportunity/Page_New Opportunity Salesforce/dropdown_Value"))
2026-02-07 17:18:36.371 DEBUG testcase.Create Opportunity_1            - 13: setText(findTestObject("New Folder (1)/Opportunity/Page_New Opportunity Salesforce/input__Amount"), "100")
2026-02-07 17:18:37.463 DEBUG testcase.Create Opportunity_1            - 14: click(findTestObject("New Folder (1)/Opportunity/Page_New Opportunity Salesforce/span_Save"))
2026-02-07 17:18:38.017 DEBUG testcase.Create Opportunity_1            - 15: verifyElementText(findTestObject("New Folder (1)/Opportunity/Page_New Opportunity Salesforce/text_ToastMsg"), "Opportunity "" + opportunityName + "" was created.")
2026-02-07 17:18:39.512 INFO  c.k.katalon.core.main.TestCaseExecutor   - END CALL Test Cases/TC_Salesforce New/RecallTest/Opportunity1/Create Opportunity_1
2026-02-07 17:18:39.512 INFO  c.k.katalon.core.main.TestCaseExecutor   - --------------------
2026-02-07 17:18:39.512 DEBUG testcase.Create Oppty_1                  - 3: callTestCase(findTestCase("TC_Salesforce New/RecallTest/SetupTeardown/Close application"), [:], STOP_ON_FAILURE)
2026-02-07 17:18:39.612 INFO  c.k.katalon.core.main.TestCaseExecutor   - --------------------
2026-02-07 17:18:39.612 INFO  c.k.katalon.core.main.TestCaseExecutor   - CALL Test Cases/TC_Salesforce New/RecallTest/SetupTeardown/Close application
2026-02-07 17:18:39.729 DEBUG testcase.Close application               - 1: click(findTestObject("Object Repository/New Folder (1)/Account/Page_test three  Account  Salesforce/span_uiImage"))
2026-02-07 17:18:40.247 DEBUG testcase.Close application               - 2: click(findTestObject("Object Repository/New Folder (1)/Account/Page_test three  Account  Salesforce/a_Log Out"))
2026-02-07 17:18:41.486 INFO  c.k.katalon.core.main.TestCaseExecutor   - END CALL Test Cases/TC_Salesforce New/RecallTest/SetupTeardown/Close application
2026-02-07 17:18:41.486 INFO  c.k.katalon.core.main.TestCaseExecutor   - --------------------
2026-02-07 17:18:41.504 INFO  c.k.katalon.core.main.TestCaseExecutor   - END Test Cases/TC_Salesforce New/MainTest/New Folder/Create Oppty_1
2026-02-07 17:18:41.514 INFO  c.k.katalon.core.main.TestCaseExecutor   - --------------------
2026-02-07 17:18:41.514 INFO  c.k.katalon.core.main.TestCaseExecutor   - START Test Cases/TC_Salesforce New/MainTest/New Folder/Edit Opportunity_1
2026-02-07 17:18:41.572 WARN  c.k.k.core.webui.driver.DriverFactory    - A browser is already opened. Closing browser and opening a new one
2026-02-07 17:18:41.948 INFO  c.k.k.core.webui.driver.DriverFactory    - Starting 'Chrome' driver
2026-02-07 17:18:41.949 INFO  c.k.k.c.w.util.WebDriverPropertyUtil     - User set preference: ['args', '[--disable-notifications]']
2026-02-07 17:18:41.951 INFO  c.k.k.core.webui.driver.DriverFactory    - Action delay is set to 0 milliseconds
Feb 07, 2026 5:18:43 PM org.openqa.selenium.devtools.CdpVersionFinder findNearestMatch
WARNING: Unable to find an exact match for CDP version 144, returning the closest version; found: 142; Please update to a Selenium version that supports CDP version 144
2026-02-07 17:18:43.280 INFO  c.k.k.core.webui.driver.DriverFactory    - sessionId = f0f7dd9421437ea9afe5d54406800285
2026-02-07 17:18:43.281 INFO  c.k.k.core.webui.driver.DriverFactory    - browser = Chrome 144.0.7559.133
2026-02-07 17:18:43.282 INFO  c.k.k.core.webui.driver.DriverFactory    - platform = Windows 11
2026-02-07 17:18:43.282 INFO  c.k.k.core.webui.driver.DriverFactory    - seleniumVersion = 4.34.0
2026-02-07 17:18:43.283 INFO  c.k.k.core.webui.driver.DriverFactory    - proxyInformation = ProxyInformation { proxyOption=NO_PROXY, proxyServerType=HTTP, username=, password=********, proxyServerAddress=, proxyServerPort=0, executionList="", isApplyToDesiredCapabilities=true }
2026-02-07 17:18:45.870 DEBUG testcase.Edit Opportunity_1              - 1: callTestCase(findTestCase("TC_Salesforce New/RecallTest/SetupTeardown/Login into Salesforce_1"), [:], STOP_ON_FAILURE)
2026-02-07 17:18:45.935 INFO  c.k.katalon.core.main.TestCaseExecutor   - --------------------
2026-02-07 17:18:45.935 INFO  c.k.katalon.core.main.TestCaseExecutor   - CALL Test Cases/TC_Salesforce New/RecallTest/SetupTeardown/Login into Salesforce_1
2026-02-07 17:18:45.973 DEBUG testcase.Login into Salesforce_1         - 1: setText(findTestObject("Object Repository/New Folder (1)/Page_Login  Salesforce/input_Username"), USERNAME)
2026-02-07 17:18:46.900 DEBUG testcase.Login into Salesforce_1         - 2: click(findTestObject("Object Repository/New Folder (1)/Page_Login  Salesforce/input_Password"))
2026-02-07 17:18:47.266 DEBUG testcase.Login into Salesforce_1         - 3: setEncryptedText(findTestObject("Object Repository/New Folder (1)/Page_Login  Salesforce/input_Password"), PASSWORD)
2026-02-07 17:18:47.653 DEBUG testcase.Login into Salesforce_1         - 4: click(findTestObject("Object Repository/New Folder (1)/Page_Login  Salesforce/input_Login"))
2026-02-07 17:18:49.854 DEBUG testcase.Login into Salesforce_1         - 5: maximizeWindow()
2026-02-07 17:18:49.929 DEBUG testcase.Login into Salesforce_1         - 6: waitForElementClickable(findTestObject("New Folder (1)/Page_Home  Salesforce/link_Home"), 30, STOP_ON_FAILURE)
2026-02-07 17:19:05.536 DEBUG testcase.Login into Salesforce_1         - 7: webKeywords.ApplicationFunction.checkHomePage()
https://data-momentum-7717.lightning.force.com/lightning/o/Contact/list?filterName=Recent
2026-02-07 17:19:06.445 INFO  k.k.c.m.CustomKeywordDelegatingMetaClass - webKeywords.ApplicationFunction.checkHomePage is PASSED
2026-02-07 17:19:06.446 DEBUG testcase.Login into Salesforce_1         - 8: waitForElementVisible(findTestObject("Object Repository/New Folder (1)/Page_Home  Salesforce/span_Home"), 20)
2026-02-07 17:19:10.412 DEBUG testcase.Login into Salesforce_1         - 9: verifyElementText(findTestObject("Object Repository/New Folder (1)/Page_Home  Salesforce/span_Home"), "Home")
2026-02-07 17:19:10.412 WARN  testcase.Login into Salesforce_1         - SKIPPED NOT_RUN: verifyElementText(findTestObject("Object Repository/New Folder (1)/Page_Home  Salesforce/span_Home"), "Home")
2026-02-07 17:19:10.412 DEBUG testcase.Login into Salesforce_1         - 10: verifyElementText(findTestObject("Object Repository/New Folder (1)/Page_Home  Salesforce/h2_Welcome, PIYUSH"), "Welcome, PIYUSH")
2026-02-07 17:19:10.928 INFO  c.k.katalon.core.main.TestCaseExecutor   - END CALL Test Cases/TC_Salesforce New/RecallTest/SetupTeardown/Login into Salesforce_1
2026-02-07 17:19:10.928 INFO  c.k.katalon.core.main.TestCaseExecutor   - --------------------
2026-02-07 17:19:10.928 DEBUG testcase.Edit Opportunity_1              - 2: callTestCase(findTestCase("TC_Salesforce New/RecallTest/Opportunity1/Edit Opportunity_1"), [:], STOP_ON_FAILURE)
2026-02-07 17:19:11.012 INFO  c.k.katalon.core.main.TestCaseExecutor   - --------------------
2026-02-07 17:19:11.012 INFO  c.k.katalon.core.main.TestCaseExecutor   - CALL Test Cases/TC_Salesforce New/RecallTest/Opportunity1/Edit Opportunity_1
2026-02-07 17:19:11.096 DEBUG testcase.Edit Opportunity_1              - 1: webKeywords.ApplicationFunction.checkSalesList()
https://data-momentum-7717.lightning.force.com/lightning/page/home
2026-02-07 17:19:12.214 INFO  k.k.c.m.CustomKeywordDelegatingMetaClass - webKeywords.ApplicationFunction.checkSalesList is PASSED
2026-02-07 17:19:12.217 DEBUG testcase.Edit Opportunity_1              - 2: verifyElementText(findTestObject("New Folder (1)/Sales/Page_All Open Leads  Leads  Salesforce/txt_Leads"), "Leads")
2026-02-07 17:19:14.845 DEBUG testcase.Edit Opportunity_1              - 3: enhancedClick(findTestObject("New Folder (1)/Sales/Page_All Open Leads  Leads  Salesforce/span_Opportunities"))
2026-02-07 17:19:15.398 DEBUG testcase.Edit Opportunity_1              - 4: verifyElementText(findTestObject("New Folder (1)/Sales/Opportunity/Page_Recently Viewed  Opportunities  Salesforce/txt_Opportunities"), "Opportunities")
2026-02-07 17:19:16.729 DEBUG testcase.Edit Opportunity_1              - 5: click(findTestObject("New Folder (1)/Sales/Opportunity/Page_Recently Viewed  Opportunities  Salesforce/icon_Stage"))
2026-02-07 17:19:17.197 DEBUG testcase.Edit Opportunity_1              - 6: click(findTestObject("New Folder (1)/Sales/Opportunity/Page_Recently Viewed  Opportunities  Salesforce/dropdown_Stage"))
2026-02-07 17:19:17.868 DEBUG testcase.Edit Opportunity_1              - 7: click(findTestObject("New Folder (1)/Sales/Opportunity/Page_Recently Viewed  Opportunities  Salesforce/select_ValueDropdown"))
2026-02-07 17:19:18.526 DEBUG testcase.Edit Opportunity_1              - 8: click(findTestObject("New Folder (1)/Sales/Opportunity/Page_Recently Viewed  Opportunities  Salesforce/span_Save"))
2026-02-07 17:19:19.175 DEBUG testcase.Edit Opportunity_1              - 9: verifyElementText(findTestObject("New Folder (1)/Sales/Opportunity/Page_Recently Viewed  Opportunities  Salesforce/text_ToastMsg"), "Your changes are saved.")
2026-02-07 17:19:20.504 INFO  c.k.katalon.core.main.TestCaseExecutor   - END CALL Test Cases/TC_Salesforce New/RecallTest/Opportunity1/Edit Opportunity_1
2026-02-07 17:19:20.504 INFO  c.k.katalon.core.main.TestCaseExecutor   - --------------------
2026-02-07 17:19:20.506 DEBUG testcase.Edit Opportunity_1              - 3: callTestCase(findTestCase("TC_Salesforce New/RecallTest/SetupTeardown/Close application"), [:], STOP_ON_FAILURE)
2026-02-07 17:19:20.596 INFO  c.k.katalon.core.main.TestCaseExecutor   - --------------------
2026-02-07 17:19:20.596 INFO  c.k.katalon.core.main.TestCaseExecutor   - CALL Test Cases/TC_Salesforce New/RecallTest/SetupTeardown/Close application
2026-02-07 17:19:20.635 DEBUG testcase.Close application               - 1: click(findTestObject("Object Repository/New Folder (1)/Account/Page_test three  Account  Salesforce/span_uiImage"))
2026-02-07 17:19:21.146 DEBUG testcase.Close application               - 2: click(findTestObject("Object Repository/New Folder (1)/Account/Page_test three  Account  Salesforce/a_Log Out"))
2026-02-07 17:19:22.372 INFO  c.k.katalon.core.main.TestCaseExecutor   - END CALL Test Cases/TC_Salesforce New/RecallTest/SetupTeardown/Close application
2026-02-07 17:19:22.372 INFO  c.k.katalon.core.main.TestCaseExecutor   - --------------------
2026-02-07 17:19:22.380 INFO  c.k.katalon.core.main.TestCaseExecutor   - END Test Cases/TC_Salesforce New/MainTest/New Folder/Edit Opportunity_1
2026-02-07 17:19:22.386 INFO  c.k.katalon.core.main.TestCaseExecutor   - --------------------
2026-02-07 17:19:22.386 INFO  c.k.katalon.core.main.TestCaseExecutor   - START Test Cases/TC_Salesforce New/MainTest/New Folder/DeleteOppty_1
2026-02-07 17:19:22.430 WARN  c.k.k.core.webui.driver.DriverFactory    - A browser is already opened. Closing browser and opening a new one
2026-02-07 17:19:22.813 INFO  c.k.k.core.webui.driver.DriverFactory    - Starting 'Chrome' driver
2026-02-07 17:19:22.814 INFO  c.k.k.c.w.util.WebDriverPropertyUtil     - User set preference: ['args', '[--disable-notifications]']
2026-02-07 17:19:22.815 INFO  c.k.k.core.webui.driver.DriverFactory    - Action delay is set to 0 milliseconds
Feb 07, 2026 5:19:24 PM org.openqa.selenium.devtools.CdpVersionFinder findNearestMatch
WARNING: Unable to find an exact match for CDP version 144, returning the closest version; found: 142; Please update to a Selenium version that supports CDP version 144
2026-02-07 17:19:24.607 INFO  c.k.k.core.webui.driver.DriverFactory    - sessionId = 68cb2eed02bc16b0ff130c1dee616b95
2026-02-07 17:19:24.608 INFO  c.k.k.core.webui.driver.DriverFactory    - browser = Chrome 144.0.7559.133
2026-02-07 17:19:24.609 INFO  c.k.k.core.webui.driver.DriverFactory    - platform = Windows 11
2026-02-07 17:19:24.610 INFO  c.k.k.core.webui.driver.DriverFactory    - seleniumVersion = 4.34.0
2026-02-07 17:19:24.611 INFO  c.k.k.core.webui.driver.DriverFactory    - proxyInformation = ProxyInformation { proxyOption=NO_PROXY, proxyServerType=HTTP, username=, password=********, proxyServerAddress=, proxyServerPort=0, executionList="", isApplyToDesiredCapabilities=true }
2026-02-07 17:19:27.091 DEBUG testcase.DeleteOppty_1                   - 1: callTestCase(findTestCase("TC_Salesforce New/RecallTest/SetupTeardown/Login into Salesforce_1"), [:], STOP_ON_FAILURE)
2026-02-07 17:19:27.154 INFO  c.k.katalon.core.main.TestCaseExecutor   - --------------------
2026-02-07 17:19:27.154 INFO  c.k.katalon.core.main.TestCaseExecutor   - CALL Test Cases/TC_Salesforce New/RecallTest/SetupTeardown/Login into Salesforce_1
2026-02-07 17:19:27.169 DEBUG testcase.Login into Salesforce_1         - 1: setText(findTestObject("Object Repository/New Folder (1)/Page_Login  Salesforce/input_Username"), USERNAME)
2026-02-07 17:19:28.085 DEBUG testcase.Login into Salesforce_1         - 2: click(findTestObject("Object Repository/New Folder (1)/Page_Login  Salesforce/input_Password"))
2026-02-07 17:19:28.465 DEBUG testcase.Login into Salesforce_1         - 3: setEncryptedText(findTestObject("Object Repository/New Folder (1)/Page_Login  Salesforce/input_Password"), PASSWORD)
2026-02-07 17:19:28.847 DEBUG testcase.Login into Salesforce_1         - 4: click(findTestObject("Object Repository/New Folder (1)/Page_Login  Salesforce/input_Login"))
2026-02-07 17:19:30.905 DEBUG testcase.Login into Salesforce_1         - 5: maximizeWindow()
2026-02-07 17:19:30.949 DEBUG testcase.Login into Salesforce_1         - 6: waitForElementClickable(findTestObject("New Folder (1)/Page_Home  Salesforce/link_Home"), 30, STOP_ON_FAILURE)
2026-02-07 17:19:45.384 DEBUG testcase.Login into Salesforce_1         - 7: webKeywords.ApplicationFunction.checkHomePage()
https://data-momentum-7717.lightning.force.com/lightning/o/Lead/list?filterName=Recent
2026-02-07 17:19:46.229 INFO  k.k.c.m.CustomKeywordDelegatingMetaClass - webKeywords.ApplicationFunction.checkHomePage is PASSED
2026-02-07 17:19:46.231 DEBUG testcase.Login into Salesforce_1         - 8: waitForElementVisible(findTestObject("Object Repository/New Folder (1)/Page_Home  Salesforce/span_Home"), 20)
2026-02-07 17:19:49.983 DEBUG testcase.Login into Salesforce_1         - 9: verifyElementText(findTestObject("Object Repository/New Folder (1)/Page_Home  Salesforce/span_Home"), "Home")
2026-02-07 17:19:49.983 WARN  testcase.Login into Salesforce_1         - SKIPPED NOT_RUN: verifyElementText(findTestObject("Object Repository/New Folder (1)/Page_Home  Salesforce/span_Home"), "Home")
2026-02-07 17:19:49.983 DEBUG testcase.Login into Salesforce_1         - 10: verifyElementText(findTestObject("Object Repository/New Folder (1)/Page_Home  Salesforce/h2_Welcome, PIYUSH"), "Welcome, PIYUSH")
2026-02-07 17:19:50.504 INFO  c.k.katalon.core.main.TestCaseExecutor   - END CALL Test Cases/TC_Salesforce New/RecallTest/SetupTeardown/Login into Salesforce_1
2026-02-07 17:19:50.504 INFO  c.k.katalon.core.main.TestCaseExecutor   - --------------------
2026-02-07 17:19:50.504 DEBUG testcase.DeleteOppty_1                   - 2: callTestCase(findTestCase("TC_Salesforce New/RecallTest/Opportunity1/Delete Oppty_1"), ["opptyName":""], STOP_ON_FAILURE)
2026-02-07 17:19:50.584 INFO  c.k.katalon.core.main.TestCaseExecutor   - --------------------
2026-02-07 17:19:50.584 INFO  c.k.katalon.core.main.TestCaseExecutor   - CALL Test Cases/TC_Salesforce New/RecallTest/Opportunity1/Delete Oppty_1
2026-02-07 17:19:50.600 INFO  c.k.katalon.core.main.TestCaseExecutor   - opptyName = 
2026-02-07 17:19:50.763 DEBUG testcase.Delete Oppty_1                  - 1: webKeywords.ApplicationFunction.checkSalesList()
https://data-momentum-7717.lightning.force.com/lightning/page/home
2026-02-07 17:19:51.984 INFO  k.k.c.m.CustomKeywordDelegatingMetaClass - webKeywords.ApplicationFunction.checkSalesList is PASSED
2026-02-07 17:19:51.985 DEBUG testcase.Delete Oppty_1                  - 2: verifyElementText(findTestObject("New Folder (1)/Sales/Page_All Open Leads  Leads  Salesforce/txt_Leads"), "Leads")
2026-02-07 17:19:53.748 DEBUG testcase.Delete Oppty_1                  - 3: enhancedClick(findTestObject("New Folder (1)/Sales/Page_All Open Leads  Leads  Salesforce/span_Opportunities"))
2026-02-07 17:19:54.265 DEBUG testcase.Delete Oppty_1                  - 4: verifyElementText(findTestObject("New Folder (1)/Sales/Opportunity/Page_Recently Viewed  Opportunities  Salesforce/txt_Opportunities"), "Opportunities")
2026-02-07 17:19:55.783 DEBUG testcase.Delete Oppty_1                  - 5: opptyName = getText(findTestObject("New Folder (1)/Sales/Opportunity/Page_Recently Viewed  Opportunities  Salesforce/getOpptyName"))
2026-02-07 17:19:56.095 DEBUG testcase.Delete Oppty_1                  - 6: click(findTestObject("New Folder (1)/Contact/Page_Recently Viewed  Contacts  Salesforce/input_Search this list"))
2026-02-07 17:19:56.613 DEBUG testcase.Delete Oppty_1                  - 7: setText(findTestObject("New Folder (1)/Sales/Opportunity/Page_Recently Viewed  Opportunities  Salesforce/input_Search this list"), opptyName)
2026-02-07 17:19:57.332 DEBUG testcase.Delete Oppty_1                  - 8: click(findTestObject("New Folder (1)/Contact/Page_Recently Viewed  Contacts  Salesforce/svg_Search this list"))
2026-02-07 17:19:57.854 DEBUG testcase.Delete Oppty_1                  - 9: delay(4)
2026-02-07 17:20:01.872 DEBUG testcase.Delete Oppty_1                  - 10: click(findTestObject("New Folder (1)/Contact/Page_Recently Viewed  Contacts  Salesforce/span_icon"))
2026-02-07 17:20:02.363 DEBUG testcase.Delete Oppty_1                  - 11: click(findTestObject("New Folder (1)/Contact/Page_Recently Viewed  Contacts  Salesforce/a_Delete"))
2026-02-07 17:20:03.301 DEBUG testcase.Delete Oppty_1                  - 12: verifyElementText(findTestObject("New Folder (1)/Sales/Opportunity/Page_Delete Oppty/txt_DeleteOppty"), "Are you sure you want to delete this opportunity?")
2026-02-07 17:20:03.843 DEBUG testcase.Delete Oppty_1                  - 13: click(findTestObject("New Folder (1)/Sales/Opportunity/Page_Delete Oppty/btn_Delete"))
2026-02-07 17:20:04.254 DEBUG testcase.Delete Oppty_1                  - 14: verifyElementText(findTestObject("New Folder (1)/Sales/Opportunity/Page_Delete Oppty/txt_Toaster Msg"), "Opportunity "" + opptyName + "" was deleted. Undo")
2026-02-07 17:20:05.920 INFO  c.k.katalon.core.main.TestCaseExecutor   - END CALL Test Cases/TC_Salesforce New/RecallTest/Opportunity1/Delete Oppty_1
2026-02-07 17:20:05.920 INFO  c.k.katalon.core.main.TestCaseExecutor   - --------------------
2026-02-07 17:20:05.920 DEBUG testcase.DeleteOppty_1                   - 3: callTestCase(findTestCase("TC_Salesforce New/RecallTest/SetupTeardown/Close application"), [:], STOP_ON_FAILURE)
2026-02-07 17:20:05.988 INFO  c.k.katalon.core.main.TestCaseExecutor   - --------------------
2026-02-07 17:20:05.988 INFO  c.k.katalon.core.main.TestCaseExecutor   - CALL Test Cases/TC_Salesforce New/RecallTest/SetupTeardown/Close application
2026-02-07 17:20:06.005 DEBUG testcase.Close application               - 1: click(findTestObject("Object Repository/New Folder (1)/Account/Page_test three  Account  Salesforce/span_uiImage"))
2026-02-07 17:20:06.395 DEBUG testcase.Close application               - 2: click(findTestObject("Object Repository/New Folder (1)/Account/Page_test three  Account  Salesforce/a_Log Out"))
2026-02-07 17:20:07.624 INFO  c.k.katalon.core.main.TestCaseExecutor   - END CALL Test Cases/TC_Salesforce New/RecallTest/SetupTeardown/Close application
2026-02-07 17:20:07.624 INFO  c.k.katalon.core.main.TestCaseExecutor   - --------------------
2026-02-07 17:20:07.627 INFO  c.k.katalon.core.main.TestCaseExecutor   - END Test Cases/TC_Salesforce New/MainTest/New Folder/DeleteOppty_1
2026-02-07 17:20:07.628 INFO  c.k.katalon.core.main.TestSuiteExecutor  - --------------------
2026-02-07 17:20:07.628 INFO  c.k.katalon.core.main.TestSuiteExecutor  - END Test Suites/TS_Opportunity
2026-02-07 17:20:07.628 INFO  c.k.katalon.core.main.TestSuiteExecutor  - ====================
