2026-01-22 10:31:24.018 INFO  c.k.k.c.l.logback.LogbackConfigurator    - Logback default configuration initialized from: C:\Users\PJain15\.katalon\packages\KSE-10.4.3\configuration\org.eclipse.osgi\133\0\.cp\resources\logback\logback-execution.xml
2026-01-22 10:31:24.028 INFO  c.k.k.c.l.logback.LogbackConfigurator    - Logback custom configuration initialized from: C:\Users\PJain15\git\salesforce-katalon-sample\Include\config\log.properties
2026-01-22 10:31:25.016 INFO  c.k.katalon.core.main.TestSuiteExecutor  - START Test Suites/TS_Account
2026-01-22 10:31:25.180 INFO  c.k.katalon.core.main.TestSuiteExecutor  - userFullName = piyush jain
2026-01-22 10:31:25.183 INFO  c.k.katalon.core.main.TestSuiteExecutor  - projectName = salesforce-katalon-sample
2026-01-22 10:31:25.185 INFO  c.k.katalon.core.main.TestSuiteExecutor  - hostName = PJain15 - SLB-G8JJX14.DIR.slb.com
2026-01-22 10:31:25.186 INFO  c.k.katalon.core.main.TestSuiteExecutor  - os = Windows 11 64bit
2026-01-22 10:31:25.187 INFO  c.k.katalon.core.main.TestSuiteExecutor  - hostAddress = 192.168.1.7
2026-01-22 10:31:25.189 INFO  c.k.katalon.core.main.TestSuiteExecutor  - katalonVersion = 10.4.3.0
2026-01-22 10:31:25.763 INFO  c.k.katalon.core.main.TestCaseExecutor   - --------------------
2026-01-22 10:31:25.763 INFO  c.k.katalon.core.main.TestCaseExecutor   - START Test Cases/TC_Salesforce New/MainTest/Account Mgmt_1
2026-01-22 10:31:26.148 DEBUG testcase.Account Mgmt_1                  - 1: callTestCase(findTestCase("TC_Salesforce New/RecallTest/SetupTeardown/Login into Salesforce_1"), [:], STOP_ON_FAILURE)
2026-01-22 10:31:26.387 INFO  c.k.katalon.core.main.TestCaseExecutor   - --------------------
2026-01-22 10:31:26.387 INFO  c.k.katalon.core.main.TestCaseExecutor   - CALL Test Cases/TC_Salesforce New/RecallTest/SetupTeardown/Login into Salesforce_1
2026-01-22 10:31:26.465 DEBUG testcase.Login into Salesforce_1         - 1: openBrowser("")
2026-01-22 10:31:26.932 INFO  c.k.k.core.webui.driver.DriverFactory    - Action delay is set to 0 milliseconds
2026-01-22 10:31:28.543 INFO  c.k.k.core.webui.driver.DriverFactory    - Action delay is set to 0 milliseconds
2026-01-22 10:31:28.758 INFO  c.k.k.core.webui.driver.DriverFactory    - sessionId = 7880b116d98d742516672c69ec4630af
java.lang.Exception: begin 0, end 1, length 0
	at com.kms.katalon.core.util.internal.ExceptionsUtil.customException(ExceptionsUtil.java:90)
	at com.kms.katalon.core.webui.driver.DriverFactory.getBrowserVersion(DriverFactory.java:471)
	at com.kms.katalon.core.webui.driver.DriverFactory.logBrowserRunData(DriverFactory.java:455)
	at com.kms.katalon.core.webui.driver.DriverFactory.changeWebDriver(DriverFactory.java:170)
	at com.kms.katalon.core.webui.driver.DriverFactory.startExistingBrowserIfPossible(DriverFactory.java:753)
	at com.kms.katalon.core.webui.driver.DriverFactory.verifyWebDriver(DriverFactory.java:571)
	at com.kms.katalon.core.webui.driver.DriverFactory.getWebDriver(DriverFactory.java:546)
	at com.kms.katalon.core.webui.driver.DriverFactory$getWebDriver.call(Unknown Source)
	at org.codehaus.groovy.runtime.callsite.CallSiteArray.defaultCall(CallSiteArray.java:47)
	at org.codehaus.groovy.runtime.callsite.AbstractCallSite.call(AbstractCallSite.java:125)
	at org.codehaus.groovy.runtime.callsite.AbstractCallSite.call(AbstractCallSite.java:130)
	at com.kms.katalon.core.webui.keyword.internal.WebUIAbstractKeyword.getWebDriver(WebUIAbstractKeyword.groovy:161)
	at java.base/jdk.internal.reflect.NativeMethodAccessorImpl.invoke0(Native Method)
	at java.base/jdk.internal.reflect.NativeMethodAccessorImpl.invoke(NativeMethodAccessorImpl.java:77)
	at java.base/jdk.internal.reflect.DelegatingMethodAccessorImpl.invoke(DelegatingMethodAccessorImpl.java:43)
	at java.base/java.lang.reflect.Method.invoke(Method.java:569)
	at org.codehaus.groovy.reflection.CachedMethod.invoke(CachedMethod.java:107)
	at groovy.lang.MetaMethod.doMethodInvoke(MetaMethod.java:323)
	at groovy.lang.MetaClassImpl.invokeMethod(MetaClassImpl.java:1254)
	at groovy.lang.MetaClassImpl.invokeMethod(MetaClassImpl.java:1030)
	at org.codehaus.groovy.runtime.InvokerHelper.invokePogoMethod(InvokerHelper.java:1059)
	at org.codehaus.groovy.runtime.InvokerHelper.invokeMethod(InvokerHelper.java:1042)
	at org.codehaus.groovy.runtime.InvokerHelper.invokeMethodSafe(InvokerHelper.java:97)
	at com.kms.katalon.core.webui.keyword.builtin.OpenBrowserKeyword$_openBrowser_closure1.doCall(OpenBrowserKeyword.groovy:51)
	at com.kms.katalon.core.webui.keyword.builtin.OpenBrowserKeyword$_openBrowser_closure1.call(OpenBrowserKeyword.groovy)
	at com.kms.katalon.core.webui.keyword.internal.WebUIKeywordMain.runKeyword(WebUIKeywordMain.groovy:41)
	at com.kms.katalon.core.webui.keyword.builtin.OpenBrowserKeyword.openBrowser(OpenBrowserKeyword.groovy:55)
	at com.kms.katalon.core.webui.keyword.builtin.OpenBrowserKeyword.execute(OpenBrowserKeyword.groovy:37)
	at com.kms.katalon.core.keyword.internal.KeywordExecutor.executeKeywordForPlatform(KeywordExecutor.groovy:90)
	at com.kms.katalon.core.webui.keyword.WebUiBuiltInKeywords.openBrowser(WebUiBuiltInKeywords.groovy:62)
	at org.codehaus.groovy.vmplugin.v8.IndyInterface.fromCache(IndyInterface.java:318)
	at Script1664968707229.run(Script1664968707229.groovy:18)
	at com.kms.katalon.core.main.ScriptEngine.run(ScriptEngine.java:194)
	at com.kms.katalon.core.main.ScriptEngine.runScriptAsRawText(ScriptEngine.java:119)
	at com.kms.katalon.core.main.TestCaseExecutor.runScript(TestCaseExecutor.java:490)
	at com.kms.katalon.core.main.TestCaseExecutor.doExecute(TestCaseExecutor.java:481)
	at com.kms.katalon.core.main.TestCaseExecutor.processExecutionPhase(TestCaseExecutor.java:460)
	at com.kms.katalon.core.main.TestCaseExecutor.accessMainPhase(TestCaseExecutor.java:452)
	at com.kms.katalon.core.main.TestCaseExecutor.execute(TestCaseExecutor.java:322)
	at com.kms.katalon.core.main.TestCaseMain.runTestCase(TestCaseMain.java:151)
	at com.kms.katalon.core.keyword.builtin.CallTestCaseKeyword$_callTestCase_closure1.doCall(CallTestCaseKeyword.groovy:59)
	at com.kms.katalon.core.keyword.builtin.CallTestCaseKeyword$_callTestCase_closure1.call(CallTestCaseKeyword.groovy)
	at com.kms.katalon.core.keyword.internal.KeywordMain.runKeyword(KeywordMain.groovy:75)
	at com.kms.katalon.core.keyword.builtin.CallTestCaseKeyword.callTestCase(CallTestCaseKeyword.groovy:81)
	at com.kms.katalon.core.keyword.builtin.CallTestCaseKeyword.execute(CallTestCaseKeyword.groovy:44)
	at com.kms.katalon.core.keyword.internal.KeywordExecutor.executeKeywordForPlatform(KeywordExecutor.groovy:90)
	at com.kms.katalon.core.keyword.BuiltinKeywords.callTestCase(BuiltinKeywords.groovy:310)
	at java.base/jdk.internal.reflect.NativeMethodAccessorImpl.invoke0(Native Method)
	at java.base/jdk.internal.reflect.NativeMethodAccessorImpl.invoke(NativeMethodAccessorImpl.java:77)
	at java.base/jdk.internal.reflect.DelegatingMethodAccessorImpl.invoke(DelegatingMethodAccessorImpl.java:43)
	at java.base/java.lang.reflect.Method.invoke(Method.java:569)
	at org.codehaus.groovy.reflection.CachedMethod.invoke(CachedMethod.java:107)
	at groovy.lang.MetaMethod.doMethodInvoke(MetaMethod.java:323)
	at groovy.lang.MetaClassImpl.invokeStaticMethod(MetaClassImpl.java:1536)
	at org.codehaus.groovy.vmplugin.v8.IndyInterface.fromCache(IndyInterface.java:318)
	at Script1769006544980.run(Script1769006544980.groovy:20)
	at com.kms.katalon.core.main.ScriptEngine.run(ScriptEngine.java:194)
	at com.kms.katalon.core.main.ScriptEngine.runScriptAsRawText(ScriptEngine.java:119)
	at com.kms.katalon.core.main.TestCaseExecutor.runScript(TestCaseExecutor.java:490)
2026-01-22 10:31:28.785 INFO  c.k.k.core.webui.driver.DriverFactory    - browser = 
2026-01-22 10:31:28.786 INFO  c.k.k.core.webui.driver.DriverFactory    - platform = Windows 11
2026-01-22 10:31:28.792 INFO  c.k.k.core.webui.driver.DriverFactory    - seleniumVersion = 4.34.0
	at com.kms.katalon.core.main.TestCaseExecutor.doExecute(TestCaseExecutor.java:481)
	at com.kms.katalon.core.main.TestCaseExecutor.processExecutionPhase(TestCaseExecutor.java:460)
	at com.kms.katalon.core.main.TestCaseExecutor.accessMainPhase(TestCaseExecutor.java:452)
	at com.kms.katalon.core.main.TestCaseExecutor.execute(TestCaseExecutor.java:322)
	at com.kms.katalon.core.common.CommonExecutor.accessTestCaseMainPhase(CommonExecutor.java:71)
	at com.kms.katalon.core.main.TestSuiteExecutor.accessTestSuiteMainPhase(TestSuiteExecutor.java:153)
	at com.kms.katalon.core.main.TestSuiteExecutor.execute(TestSuiteExecutor.java:110)
	at com.kms.katalon.core.main.TestCaseMain.startTestSuite(TestCaseMain.java:205)
	at org.codehaus.groovy.vmplugin.v8.IndyInterface.fromCache(IndyInterface.java:318)
	at TempTestSuite1769058069370.run(TempTestSuite1769058069370.groovy:35)
	at groovy.lang.GroovyShell.runScriptOrMainOrTestOrRunnable(GroovyShell.java:254)
	at groovy.lang.GroovyShell.run(GroovyShell.java:360)
	at groovy.lang.GroovyShell.run(GroovyShell.java:349)
	at groovy.ui.GroovyMain.processOnce(GroovyMain.java:652)
	at groovy.ui.GroovyMain.run(GroovyMain.java:398)
	at groovy.ui.GroovyMain.access$1400(GroovyMain.java:68)
	at groovy.ui.GroovyMain$GroovyCommand.process(GroovyMain.java:322)
	at groovy.ui.GroovyMain.processArgs(GroovyMain.java:142)
	at groovy.ui.GroovyMain.main(GroovyMain.java:115)
	at java.base/jdk.internal.reflect.NativeMethodAccessorImpl.invoke0(Native Method)
	at java.base/jdk.internal.reflect.NativeMethodAccessorImpl.invoke(NativeMethodAccessorImpl.java:77)
	at java.base/jdk.internal.reflect.DelegatingMethodAccessorImpl.invoke(DelegatingMethodAccessorImpl.java:43)
	at java.base/java.lang.reflect.Method.invoke(Method.java:569)
	at org.codehaus.groovy.tools.GroovyStarter.rootLoader(GroovyStarter.java:117)
	at org.codehaus.groovy.tools.GroovyStarter.main(GroovyStarter.java:39)
2026-01-22 10:31:28.844 INFO  c.k.k.core.webui.driver.DriverFactory    - proxyInformation = ProxyInformation { proxyOption=NO_PROXY, proxyServerType=HTTP, username=, password=********, proxyServerAddress=, proxyServerPort=0, executionList="", isApplyToDesiredCapabilities=true }
2026-01-22 10:31:29.041 DEBUG testcase.Login into Salesforce_1         - 2: navigateToUrl("https://data-momentum-7717.my.salesforce.com/")
2026-01-22 10:31:29.363 DEBUG testcase.Login into Salesforce_1         - 3: setText(findTestObject("Object Repository/New Folder (1)/Page_Login  Salesforce/input_Username"), "piyushmnit-tt7f@force.com")
2026-01-22 10:31:30.675 DEBUG testcase.Login into Salesforce_1         - 4: click(findTestObject("Object Repository/New Folder (1)/Page_Login  Salesforce/input_Password"))
2026-01-22 10:31:31.136 DEBUG testcase.Login into Salesforce_1         - 5: setEncryptedText(findTestObject("Object Repository/New Folder (1)/Page_Login  Salesforce/input_Password"), "gS/5CWqqSBMvOLDqFuE/lQ==")
2026-01-22 10:31:31.636 DEBUG testcase.Login into Salesforce_1         - 6: click(findTestObject("Object Repository/New Folder (1)/Page_Login  Salesforce/input_Login"))
2026-01-22 10:31:32.079 DEBUG testcase.Login into Salesforce_1         - 7: waitForElementVisible(findTestObject("New Folder (1)/Page_Home  Salesforce/Page_Home  Salesforce/img_img"), 30)
2026-01-22 10:31:38.291 DEBUG testcase.Login into Salesforce_1         - 8: enhancedClick(findTestObject("New Folder (1)/Page_Home  Salesforce/Page_Home  Salesforce/img_img"))
2026-01-22 10:31:39.756 DEBUG testcase.Login into Salesforce_1         - 9: waitForElementVisible(findTestObject("Object Repository/New Folder (1)/Page_Home  Salesforce/span_Home"), 10)
2026-01-22 10:31:43.663 DEBUG testcase.Login into Salesforce_1         - 10: verifyElementText(findTestObject("Object Repository/New Folder (1)/Page_Home  Salesforce/span_Home"), "Home")
2026-01-22 10:31:43.985 DEBUG testcase.Login into Salesforce_1         - 11: verifyElementText(findTestObject("Object Repository/New Folder (1)/Page_Home  Salesforce/h2_Welcome, PIYUSH"), "Welcome, PIYUSH")
2026-01-22 10:31:44.287 INFO  c.k.katalon.core.main.TestCaseExecutor   - END CALL Test Cases/TC_Salesforce New/RecallTest/SetupTeardown/Login into Salesforce_1
2026-01-22 10:31:44.289 INFO  c.k.katalon.core.main.TestCaseExecutor   - --------------------
2026-01-22 10:31:44.314 DEBUG testcase.Account Mgmt_1                  - 2: callTestCase(findTestCase("TC_Salesforce New/RecallTest/Account/Create an Account_1"), [:], STOP_ON_FAILURE)
2026-01-22 10:31:44.394 INFO  c.k.katalon.core.main.TestCaseExecutor   - --------------------
2026-01-22 10:31:44.396 INFO  c.k.katalon.core.main.TestCaseExecutor   - CALL Test Cases/TC_Salesforce New/RecallTest/Account/Create an Account_1
2026-01-22 10:31:44.703 DEBUG testcase.Create an Account_1             - 1: SKIP_REMAINING_TESTS = true
2026-01-22 10:31:44.709 DEBUG testcase.Create an Account_1             - 2: enhancedClick(findTestObject("Object Repository/New Folder (1)/Page_Home  Salesforce/img_img"))
2026-01-22 10:31:45.236 DEBUG testcase.Create an Account_1             - 3: click(findTestObject("Object Repository/New Folder (1)/Page_Recently Viewed  Accounts  Salesforce/div_New"))
2026-01-22 10:31:47.538 DEBUG testcase.Create an Account_1             - 4: dynamicName = "User_" + System.currentTimeMillis()
2026-01-22 10:31:47.558 DEBUG testcase.Create an Account_1             - 5: setText(findTestObject("Object Repository/New Folder (1)/Page_New Account  Salesforce/input__Account Name"), dynamicName)
2026-01-22 10:31:51.293 DEBUG testcase.Create an Account_1             - 6: setText(findTestObject("Object Repository/New Folder (1)/Page_New Account  Salesforce/input_Website"), "www.testtwo.com")
2026-01-22 10:31:52.305 DEBUG testcase.Create an Account_1             - 7: click(findTestObject("Object Repository/New Folder (1)/Page_New Account  Salesforce/button_Type"))
2026-01-22 10:31:52.857 DEBUG testcase.Create an Account_1             - 8: click(findTestObject("Object Repository/New Folder (1)/Page_New Account  Salesforce/span_Analyst"))
2026-01-22 10:31:53.415 DEBUG testcase.Create an Account_1             - 9: setText(findTestObject("Object Repository/New Folder (1)/Page_New Account  Salesforce/textarea_Description"), dynamicName)
2026-01-22 10:31:54.474 DEBUG testcase.Create an Account_1             - 10: click(findTestObject("Object Repository/New Folder (1)/Page_New Account  Salesforce/input_Search Accounts"))
2026-01-22 10:31:55.141 DEBUG testcase.Create an Account_1             - 11: click(findTestObject("Object Repository/New Folder (1)/Page_New Account  Salesforce/span_testone"))
2026-01-22 10:31:56.074 DEBUG testcase.Create an Account_1             - 12: click(findTestObject("Object Repository/New Folder (1)/Page_New Account  Salesforce/button_SaveEdit"))
2026-01-22 10:31:56.748 DEBUG testcase.Create an Account_1             - 13: verifyElementText(findTestObject("Object Repository/New Folder (1)/Page_test three  Account  Salesforce/span_Account _test three_ was created"), "Account "" + dynamicName + "" was created.")
2026-01-22 10:32:01.006 DEBUG testcase.Create an Account_1             - 14: verifyElementText(findTestObject("Object Repository/New Folder (1)/Page_test three  Account  Salesforce/lightning-formatted-text_test three"), dynamicName)
2026-01-22 10:32:01.824 INFO  c.k.katalon.core.main.TestCaseExecutor   - END CALL Test Cases/TC_Salesforce New/RecallTest/Account/Create an Account_1
2026-01-22 10:32:01.824 INFO  c.k.katalon.core.main.TestCaseExecutor   - --------------------
2026-01-22 10:32:01.828 DEBUG testcase.Account Mgmt_1                  - 3: callTestCase(findTestCase("TC_Salesforce New/RecallTest/SetupTeardown/Close application"), [:], STOP_ON_FAILURE)
2026-01-22 10:32:01.898 INFO  c.k.katalon.core.main.TestCaseExecutor   - --------------------
2026-01-22 10:32:01.898 INFO  c.k.katalon.core.main.TestCaseExecutor   - CALL Test Cases/TC_Salesforce New/RecallTest/SetupTeardown/Close application
2026-01-22 10:32:01.960 DEBUG testcase.Close application               - 1: click(findTestObject("Object Repository/New Folder (1)/Page_test three  Account  Salesforce/span_uiImage"))
2026-01-22 10:32:02.437 DEBUG testcase.Close application               - 2: click(findTestObject("Object Repository/New Folder (1)/Page_test three  Account  Salesforce/a_Log Out"))
2026-01-22 10:32:03.787 INFO  c.k.katalon.core.main.TestCaseExecutor   - END CALL Test Cases/TC_Salesforce New/RecallTest/SetupTeardown/Close application
2026-01-22 10:32:03.787 INFO  c.k.katalon.core.main.TestCaseExecutor   - --------------------
2026-01-22 10:32:03.800 INFO  c.k.katalon.core.main.TestCaseExecutor   - END Test Cases/TC_Salesforce New/MainTest/Account Mgmt_1
2026-01-22 10:32:03.804 INFO  c.k.katalon.core.main.TestSuiteExecutor  - --------------------
2026-01-22 10:32:03.804 INFO  c.k.katalon.core.main.TestSuiteExecutor  - END Test Suites/TS_Account
2026-01-22 10:32:03.804 INFO  c.k.katalon.core.main.TestSuiteExecutor  - ====================
